<?xml version="1.0" encoding="utf-8"?><testsuites name="pytest tests"><testsuite name="pytest" errors="0" failures="0" skipped="0" tests="11" time="4.084" timestamp="2026-06-15T06:29:15.142398+00:00" hostname="agent-env-10dc10e7-97b4-4490-a0d6-9ddd53a7faf0"><testcase classname="backend.tests.test_new_features.TestServiceToggles" name="test_get_services_default" time="0.346" /><testcase classname="backend.tests.test_new_features.TestServiceToggles" name="test_put_requires_auth" time="0.142" /><testcase classname="backend.tests.test_new_features.TestServiceToggles" name="test_toggle_off_then_on" time="0.614" /><testcase classname="backend.tests.test_new_features.TestServiceToggles" name="test_unknown_keys_ignored" time="0.130" /><testcase classname="backend.tests.test_new_features.TestServiceToggles" name="test_restore_all_true" time="0.125" /><testcase classname="backend.tests.test_new_features.TestBanners" name="test_create_banner_with_desc_link" time="0.447" /><testcase classname="backend.tests.test_new_features.TestAdminCreds" name="test_change_then_revert" time="0.963" /><testcase classname="backend.tests.test_new_features.TestKost" name="test_list_kost_public" time="0.122" /><testcase classname="backend.tests.test_new_features.TestKost" name="test_crud_kost" time="0.394" /><testcase classname="backend.tests.test_new_features.TestRent" name="test_list_rent_public" time="0.125" /><testcase classname="backend.tests.test_new_features.TestRent" name="test_crud_rent_with_driver" time="0.332" /></testsuite></testsuites>