<?xml version="1.0" encoding="utf-8"?><testsuites name="pytest tests"><testsuite name="pytest" errors="0" failures="0" skipped="0" tests="15" time="4.886" timestamp="2026-06-12T03:05:53.523688+00:00" hostname="agent-env-a3dfb858-afbb-4531-83d0-272c9ed538ef"><testcase classname="backend.tests.test_cakapp" name="test_settings_default" time="0.383" /><testcase classname="backend.tests.test_cakapp" name="test_menu_categories[food]" time="0.193" /><testcase classname="backend.tests.test_cakapp" name="test_menu_categories[mart]" time="0.239" /><testcase classname="backend.tests.test_cakapp" name="test_menu_categories[cakpay]" time="0.171" /><testcase classname="backend.tests.test_cakapp" name="test_tariff_all" time="0.197" /><testcase classname="backend.tests.test_cakapp" name="test_tariff_single" time="0.153" /><testcase classname="backend.tests.test_cakapp" name="test_login_wrong_creds" time="0.159" /><testcase classname="backend.tests.test_cakapp" name="test_admin_me_requires_token" time="0.170" /><testcase classname="backend.tests.test_cakapp" name="test_admin_me_with_token" time="0.382" /><testcase classname="backend.tests.test_cakapp" name="test_create_order_returns_wa_url" time="0.172" /><testcase classname="backend.tests.test_cakapp" name="test_menu_crud" time="0.893" /><testcase classname="backend.tests.test_cakapp" name="test_tariff_update" time="0.496" /><testcase classname="backend.tests.test_cakapp" name="test_settings_update" time="0.378" /><testcase classname="backend.tests.test_cakapp" name="test_reports_daily" time="0.167" /><testcase classname="backend.tests.test_cakapp" name="test_reports_monthly" time="0.186" /></testsuite></testsuites>