<?xml version="1.0" encoding="utf-8"?><testsuites name="pytest tests"><testsuite name="pytest" errors="0" failures="1" skipped="0" tests="13" time="3.469" timestamp="2026-06-15T04:45:42.509516+00:00" hostname="agent-env-1e4324f5-f018-4d02-ad0b-6a37309daafc"><testcase classname="backend.tests.test_cakapp_new_features" name="test_list_kost_has_three_tier_prices" time="0.307" /><testcase classname="backend.tests.test_cakapp_new_features" name="test_list_kost_melati_default_prices" time="0.148" /><testcase classname="backend.tests.test_cakapp_new_features" name="test_list_rent_seeded_has_4" time="0.177" /><testcase classname="backend.tests.test_cakapp_new_features" name="test_rent_mobil_has_6_prices" time="0.119" /><testcase classname="backend.tests.test_cakapp_new_features" name="test_rent_motor_no_driver_prices" time="0.143" /><testcase classname="backend.tests.test_cakapp_new_features" name="test_admin_kost_unauthorized" time="0.240" /><testcase classname="backend.tests.test_cakapp_new_features" name="test_admin_kost_crud_three_tier" time="0.590" /><testcase classname="backend.tests.test_cakapp_new_features" name="test_admin_rent_unauthorized" time="0.114" /><testcase classname="backend.tests.test_cakapp_new_features" name="test_admin_rent_mobil_six_prices" time="0.358" /><testcase classname="backend.tests.test_cakapp_new_features" name="test_admin_rent_motor_zeroes_driver_prices" time="0.243"><failure message="AssertionError: motor must force allow_with_driver=False&#10;assert True is False">backend/tests/test_cakapp_new_features.py:188: in test_admin_rent_motor_zeroes_driver_prices
    assert d["allow_with_driver"] is False, "motor must force allow_with_driver=False"
E   AssertionError: motor must force allow_with_driver=False
E   assert True is False</failure></testcase><testcase classname="backend.tests.test_cakapp_new_features" name="test_order_cakkost_weekly_qty3" time="0.228" /><testcase classname="backend.tests.test_cakapp_new_features" name="test_order_cakrent_with_driver_monthly_qty2" time="0.455" /><testcase classname="backend.tests.test_cakapp_new_features" name="test_no_legacy_price_with_driver_field" time="0.122" /></testsuite></testsuites>