<?xml version="1.0" encoding="utf-8"?><testsuites name="pytest tests"><testsuite name="pytest" errors="0" failures="0" skipped="0" tests="12" time="4.978" timestamp="2026-06-15T04:24:31.280706+00:00" hostname="agent-env-1e4324f5-f018-4d02-ad0b-6a37309daafc"><testcase classname="backend.tests.test_cakapp_new_features" name="test_list_kost_seeded" time="0.287" /><testcase classname="backend.tests.test_cakapp_new_features" name="test_list_rent_seeded" time="0.158" /><testcase classname="backend.tests.test_cakapp_new_features" name="test_list_rent_filter_mobil" time="0.130" /><testcase classname="backend.tests.test_cakapp_new_features" name="test_list_rent_filter_motor" time="0.177" /><testcase classname="backend.tests.test_cakapp_new_features" name="test_admin_kost_unauthorized" time="0.289" /><testcase classname="backend.tests.test_cakapp_new_features" name="test_admin_kost_crud" time="1.012" /><testcase classname="backend.tests.test_cakapp_new_features" name="test_admin_rent_unauthorized" time="0.121" /><testcase classname="backend.tests.test_cakapp_new_features" name="test_admin_rent_mobil_with_driver" time="0.243" /><testcase classname="backend.tests.test_cakapp_new_features" name="test_admin_rent_motor" time="0.242" /><testcase classname="backend.tests.test_cakapp_new_features" name="test_admin_credentials_change_and_restore" time="1.292" /><testcase classname="backend.tests.test_cakapp_new_features" name="test_order_cakkost" time="0.261" /><testcase classname="backend.tests.test_cakapp_new_features" name="test_order_cakrent" time="0.233" /></testsuite></testsuites>