<?xml version="1.0" encoding="utf-8"?><testsuites name="pytest tests"><testsuite name="pytest" errors="0" failures="1" skipped="0" tests="28" time="6.684" timestamp="2026-06-15T04:49:15.254092+00:00" hostname="agent-env-1e4324f5-f018-4d02-ad0b-6a37309daafc"><testcase classname="backend.tests.test_cakapp" name="test_settings_default" time="0.180" /><testcase classname="backend.tests.test_cakapp" name="test_menu_categories[food]" time="0.144" /><testcase classname="backend.tests.test_cakapp" name="test_menu_categories[mart]" time="0.137" /><testcase classname="backend.tests.test_cakapp" name="test_menu_categories[cakpay]" time="0.133" /><testcase classname="backend.tests.test_cakapp" name="test_tariff_all" time="0.118" /><testcase classname="backend.tests.test_cakapp" name="test_tariff_single" time="0.134" /><testcase classname="backend.tests.test_cakapp" name="test_login_wrong_creds" time="0.133" /><testcase classname="backend.tests.test_cakapp" name="test_admin_me_requires_token" time="0.143" /><testcase classname="backend.tests.test_cakapp" name="test_admin_me_with_token" time="0.255" /><testcase classname="backend.tests.test_cakapp" name="test_create_order_returns_wa_url" time="0.135" /><testcase classname="backend.tests.test_cakapp" name="test_menu_crud" time="0.688" /><testcase classname="backend.tests.test_cakapp" name="test_tariff_update" time="0.441" /><testcase classname="backend.tests.test_cakapp" name="test_settings_update" time="0.258" /><testcase classname="backend.tests.test_cakapp" name="test_reports_daily" time="0.139" /><testcase classname="backend.tests.test_cakapp" name="test_reports_monthly" time="0.140" /><testcase classname="backend.tests.test_cakapp_new_features" name="test_list_kost_has_three_tier_prices" time="0.132" /><testcase classname="backend.tests.test_cakapp_new_features" name="test_list_kost_melati_default_prices" time="0.123" /><testcase classname="backend.tests.test_cakapp_new_features" name="test_list_rent_seeded_has_4" time="0.129" /><testcase classname="backend.tests.test_cakapp_new_features" name="test_rent_mobil_has_6_prices" time="0.134" /><testcase classname="backend.tests.test_cakapp_new_features" name="test_rent_motor_no_driver_prices" time="0.131" /><testcase classname="backend.tests.test_cakapp_new_features" name="test_admin_kost_unauthorized" time="0.255" /><testcase classname="backend.tests.test_cakapp_new_features" name="test_admin_kost_crud_three_tier" time="0.748" /><testcase classname="backend.tests.test_cakapp_new_features" name="test_admin_rent_unauthorized" time="0.125" /><testcase classname="backend.tests.test_cakapp_new_features" name="test_admin_rent_mobil_six_prices" time="0.416" /><testcase classname="backend.tests.test_cakapp_new_features" name="test_admin_rent_motor_zeroes_driver_prices" time="0.284"><failure message="AssertionError: motor must force allow_with_driver=False&#10;assert True is False">E   AssertionError: motor must force allow_with_driver=False
    assert True is False</failure></testcase><testcase classname="backend.tests.test_cakapp_new_features" name="test_order_cakkost_weekly_qty3" time="0.286" /><testcase classname="backend.tests.test_cakapp_new_features" name="test_order_cakrent_with_driver_monthly_qty2" time="0.386" /><testcase classname="backend.tests.test_cakapp_new_features" name="test_no_legacy_price_with_driver_field" time="0.131" /></testsuite></testsuites>